[07:59:12] [Server thread/INFO]: Starting minecraft server version 1.12
[07:59:12] [Server thread/INFO]: Loading properties
[07:59:12] [Server thread/INFO]: Default game type: SURVIVAL
[07:59:12] [Server thread/INFO]: This server is running CraftBukkit version git-Spigot-596221b-9a1fc1e (MC: 1.12) (Implementing API version 1.12-R0.1-SNAPSHOT)
[07:59:12] [Server thread/INFO]: Using 4 threads for Netty based IO
[07:59:12] [Server thread/INFO]: Server Ping Player Sample Count: 12
[07:59:12] [Server thread/INFO]: Debug logging is disabled
[07:59:12] [Server thread/INFO]: Generating keypair
[07:59:12] [Server thread/INFO]: Starting Minecraft server on 0.0.0.0:25565
[07:59:13] [Server thread/INFO]: Using epoll channel type
[07:59:13] [Server thread/INFO]: Set PluginClassLoader as parallel capable
[07:59:13] [Server thread/INFO]: [SuperPlugin] Loading SuperPlugin v1.0
[07:59:13] [Server thread/WARN]: **** SERVER IS RUNNING IN OFFLINE/INSECURE MODE!
[07:59:13] [Server thread/WARN]: The server will make no attempt to authenticate usernames. Beware.
[07:59:13] [Server thread/WARN]: While this makes the game possible to play without internet access, it also opens up the ability for hackers to connect with any username they choose.
[07:59:13] [Server thread/WARN]: To change this, set "online-mode" to "true" in the server.properties file.
[07:59:13] [Server thread/INFO]: **** Beginning UUID conversion, this may take A LONG time ****
[07:59:13] [Server thread/INFO]: Preparing level "world"
[07:59:13] [Server thread/INFO]: -------- World Settings For [world] --------
[07:59:13] [Server thread/INFO]: Random Lighting Updates: false
[07:59:13] [Server thread/INFO]: Structure Info Saving: true
[07:59:13] [Server thread/INFO]: Custom Map Seeds:  Village: 10387312 Feature: 14357617 Monument: 10387313 Slime: 987234911
[07:59:13] [Server thread/INFO]: Max TNT Explosions: 100
[07:59:13] [Server thread/INFO]: Tile Max Tick Time: 50ms Entity max Tick Time: 50ms
[07:59:13] [Server thread/INFO]: Cactus Growth Modifier: 100%
[07:59:13] [Server thread/INFO]: Cane Growth Modifier: 100%
[07:59:13] [Server thread/INFO]: Melon Growth Modifier: 100%
[07:59:13] [Server thread/INFO]: Mushroom Growth Modifier: 100%
[07:59:13] [Server thread/INFO]: Pumpkin Growth Modifier: 100%
[07:59:13] [Server thread/INFO]: Sapling Growth Modifier: 100%
[07:59:13] [Server thread/INFO]: Wheat Growth Modifier: 100%
[07:59:13] [Server thread/INFO]: NetherWart Growth Modifier: 100%
[07:59:13] [Server thread/INFO]: Vine Growth Modifier: 100%
[07:59:13] [Server thread/INFO]: Cocoa Growth Modifier: 100%
[07:59:13] [Server thread/INFO]: Entity Activation Range: An 32 / Mo 32 / Mi 16
[07:59:13] [Server thread/INFO]: Entity Tracking Range: Pl 48 / An 48 / Mo 48 / Mi 32 / Other 64
[07:59:13] [Server thread/INFO]: Hopper Transfer: 8 Hopper Check: 1 Hopper Amount: 1
[07:59:13] [Server thread/INFO]: Item Despawn Rate: 6000
[07:59:13] [Server thread/INFO]: Item Merge Radius: 2.5
[07:59:13] [Server thread/INFO]: Arrow Despawn Rate: 1200
[07:59:13] [Server thread/INFO]: Zombie Aggressive Towards Villager: true
[07:59:13] [Server thread/INFO]: Allow Zombie Pigmen to spawn from portal blocks: true
[07:59:13] [Server thread/INFO]: View Distance: 16
[07:59:13] [Server thread/INFO]: Experience Merge Radius: 3.0
[07:59:13] [Server thread/INFO]: Nerfing mobs spawned from spawners: false
[07:59:13] [Server thread/INFO]: Mob Spawn Range: 4
[07:59:14] [Server thread/INFO]: -------- World Settings For [world_nether] --------
[07:59:14] [Server thread/INFO]: Random Lighting Updates: false
[07:59:14] [Server thread/INFO]: Structure Info Saving: true
[07:59:14] [Server thread/INFO]: Custom Map Seeds:  Village: 10387312 Feature: 14357617 Monument: 10387313 Slime: 987234911
[07:59:14] [Server thread/INFO]: Max TNT Explosions: 100
[07:59:14] [Server thread/INFO]: Tile Max Tick Time: 50ms Entity max Tick Time: 50ms
[07:59:14] [Server thread/INFO]: Cactus Growth Modifier: 100%
[07:59:14] [Server thread/INFO]: Cane Growth Modifier: 100%
[07:59:14] [Server thread/INFO]: Melon Growth Modifier: 100%
[07:59:14] [Server thread/INFO]: Mushroom Growth Modifier: 100%
[07:59:14] [Server thread/INFO]: Pumpkin Growth Modifier: 100%
[07:59:14] [Server thread/INFO]: Sapling Growth Modifier: 100%
[07:59:14] [Server thread/INFO]: Wheat Growth Modifier: 100%
[07:59:14] [Server thread/INFO]: NetherWart Growth Modifier: 100%
[07:59:14] [Server thread/INFO]: Vine Growth Modifier: 100%
[07:59:14] [Server thread/INFO]: Cocoa Growth Modifier: 100%
[07:59:14] [Server thread/INFO]: Entity Activation Range: An 32 / Mo 32 / Mi 16
[07:59:14] [Server thread/INFO]: Entity Tracking Range: Pl 48 / An 48 / Mo 48 / Mi 32 / Other 64
[07:59:14] [Server thread/INFO]: Hopper Transfer: 8 Hopper Check: 1 Hopper Amount: 1
[07:59:14] [Server thread/INFO]: Item Despawn Rate: 6000
[07:59:14] [Server thread/INFO]: Item Merge Radius: 2.5
[07:59:14] [Server thread/INFO]: Arrow Despawn Rate: 1200
[07:59:14] [Server thread/INFO]: Zombie Aggressive Towards Villager: true
[07:59:14] [Server thread/INFO]: Allow Zombie Pigmen to spawn from portal blocks: true
[07:59:14] [Server thread/INFO]: View Distance: 16
[07:59:14] [Server thread/INFO]: Experience Merge Radius: 3.0
[07:59:14] [Server thread/INFO]: Nerfing mobs spawned from spawners: false
[07:59:14] [Server thread/INFO]: Mob Spawn Range: 4
[07:59:14] [Server thread/INFO]: -------- World Settings For [world_the_end] --------
[07:59:14] [Server thread/INFO]: Random Lighting Updates: false
[07:59:14] [Server thread/INFO]: Structure Info Saving: true
[07:59:14] [Server thread/INFO]: Custom Map Seeds:  Village: 10387312 Feature: 14357617 Monument: 10387313 Slime: 987234911
[07:59:14] [Server thread/INFO]: Max TNT Explosions: 100
[07:59:14] [Server thread/INFO]: Tile Max Tick Time: 50ms Entity max Tick Time: 50ms
[07:59:14] [Server thread/INFO]: Cactus Growth Modifier: 100%
[07:59:14] [Server thread/INFO]: Cane Growth Modifier: 100%
[07:59:14] [Server thread/INFO]: Melon Growth Modifier: 100%
[07:59:14] [Server thread/INFO]: Mushroom Growth Modifier: 100%
[07:59:14] [Server thread/INFO]: Pumpkin Growth Modifier: 100%
[07:59:14] [Server thread/INFO]: Sapling Growth Modifier: 100%
[07:59:14] [Server thread/INFO]: Wheat Growth Modifier: 100%
[07:59:14] [Server thread/INFO]: NetherWart Growth Modifier: 100%
[07:59:14] [Server thread/INFO]: Vine Growth Modifier: 100%
[07:59:14] [Server thread/INFO]: Cocoa Growth Modifier: 100%
[07:59:14] [Server thread/INFO]: Entity Activation Range: An 32 / Mo 32 / Mi 16
[07:59:14] [Server thread/INFO]: Entity Tracking Range: Pl 48 / An 48 / Mo 48 / Mi 32 / Other 64
[07:59:14] [Server thread/INFO]: Hopper Transfer: 8 Hopper Check: 1 Hopper Amount: 1
[07:59:14] [Server thread/INFO]: Item Despawn Rate: 6000
[07:59:14] [Server thread/INFO]: Item Merge Radius: 2.5
[07:59:14] [Server thread/INFO]: Arrow Despawn Rate: 1200
[07:59:14] [Server thread/INFO]: Zombie Aggressive Towards Villager: true
[07:59:14] [Server thread/INFO]: Allow Zombie Pigmen to spawn from portal blocks: true
[07:59:14] [Server thread/INFO]: View Distance: 16
[07:59:14] [Server thread/INFO]: Experience Merge Radius: 3.0
[07:59:14] [Server thread/INFO]: Nerfing mobs spawned from spawners: false
[07:59:14] [Server thread/INFO]: Mob Spawn Range: 4
[07:59:14] [Server thread/INFO]: Preparing start region for level 0 (Seed: -6703298236741647869)
[07:59:15] [Server thread/INFO]: Preparing spawn area: 5%
[07:59:16] [Server thread/INFO]: Preparing spawn area: 33%
[07:59:17] [Server thread/INFO]: Preparing spawn area: 90%
[07:59:17] [Server thread/INFO]: Preparing start region for level 1 (Seed: -6703298236741647869)
[07:59:18] [Server thread/INFO]: Preparing start region for level 2 (Seed: -6703298236741647869)
[07:59:18] [Server thread/INFO]: [SuperPlugin] Enabling SuperPlugin v1.0
[07:59:18] [Server thread/INFO]: Super Plugin Enabled
[07:59:18] [Server thread/INFO]: Server permissions file permissions.yml is empty, ignoring it
[07:59:18] [Server thread/INFO]: Done (5.587s)! For help, type "help" or "?"
[07:59:18] [Server thread/INFO]: Starting remote control listener
[07:59:18] [RCON Listener #1/INFO]: RCON running on 0.0.0.0:25575
